2016-01-31 08:53:46,894 - INFO - 21122 - echodronectl : ******************************************
2016-01-31 08:53:46,894 - INFO - 21122 - echodronectl : Starting up...
2016-01-31 09:02:01,803 - INFO - 21148 - echodronectl : ******************************************
2016-01-31 09:02:01,803 - INFO - 21148 - echodronectl : Starting up...
2016-01-31 09:03:03,320 - INFO - 21193 - echodronectl : ******************************************
2016-01-31 09:03:03,320 - INFO - 21193 - echodronectl : Starting up...
2016-01-31 09:03:43,411 - INFO - 21206 - echodronectl : ******************************************
2016-01-31 09:03:43,411 - INFO - 21206 - echodronectl : Starting up...
2016-01-31 09:05:44,439 - INFO - 21218 - echodronectl : ******************************************
2016-01-31 09:05:44,439 - INFO - 21218 - echodronectl : Starting up...
2016-01-31 09:10:57,073 - INFO - 21348 - echodronectl : ******************************************
2016-01-31 09:10:57,074 - INFO - 21348 - echodronectl : Starting up...
2016-01-31 09:16:56,085 - INFO - 21416 - echodronectl : ******************************************
2016-01-31 09:16:56,086 - INFO - 21416 - echodronectl : Starting up...
2016-01-31 09:16:56,086 - INFO - 21416 - echodronectl : setting up mqtt client
2016-01-31 09:16:56,087 - INFO - 21416 - echodronectl : completed setting up mqtt client
2016-01-31 09:17:56,413 - INFO - 21450 - echodronectl : ******************************************
2016-01-31 09:17:56,414 - INFO - 21450 - echodronectl : Starting up...
2016-01-31 09:17:56,414 - INFO - 21450 - echodronectl : setting up mqtt client
2016-01-31 09:17:56,415 - INFO - 21450 - echodronectl : completed setting up mqtt client
2016-01-31 09:19:33,396 - INFO - 21492 - echodronectl : ******************************************
2016-01-31 09:19:33,396 - INFO - 21492 - echodronectl : Starting up...
2016-01-31 09:19:33,397 - INFO - 21492 - echodronectl : setting up mqtt client
2016-01-31 09:19:33,398 - INFO - 21492 - echodronectl : completed setting up mqtt client
2016-01-31 09:22:13,608 - INFO - 21844 - echodronectl : ******************************************
2016-01-31 09:22:13,608 - INFO - 21844 - echodronectl : Starting up...
2016-01-31 09:22:13,609 - INFO - 21844 - echodronectl : setting up mqtt client
2016-01-31 09:22:13,610 - INFO - 21844 - echodronectl : completed setting up mqtt client
2016-01-31 09:24:42,285 - INFO - 21882 - echodronectl : ******************************************
2016-01-31 09:24:42,285 - INFO - 21882 - echodronectl : Starting up...
2016-01-31 09:24:42,285 - INFO - 21882 - echodronectl : setting up mqtt client
2016-01-31 09:24:42,287 - INFO - 21882 - echodronectl : completed setting up mqtt client
2016-01-31 10:05:20,566 - INFO - 22052 - echodronectl : ******************************************
2016-01-31 10:05:20,567 - INFO - 22052 - echodronectl : Starting up...
2016-01-31 10:05:20,567 - INFO - 22052 - echodronectl : setting up mqtt client
2016-01-31 10:05:20,568 - INFO - 22052 - echodronectl : completed setting up mqtt client
2016-01-31 10:05:21,806 - DEBUG - 22052 - echodronectl : Received CONNACK (0, 0)
2016-01-31 10:05:21,806 - INFO - 22052 - echodronectl : connected with result code 0
2016-01-31 10:05:23,811 - DEBUG - 22052 - echodronectl : Received SUBACK
2016-01-31 10:06:24,017 - DEBUG - 22052 - echodronectl : Sending PINGREQ
2016-01-31 10:06:25,020 - DEBUG - 22052 - echodronectl : Received PINGRESP
2016-01-31 10:07:25,203 - DEBUG - 22052 - echodronectl : Sending PINGREQ
2016-01-31 10:07:26,209 - DEBUG - 22052 - echodronectl : Received PINGRESP
2016-01-31 10:08:26,378 - DEBUG - 22052 - echodronectl : Sending PINGREQ
2016-01-31 10:08:27,383 - DEBUG - 22052 - echodronectl : Received PINGRESP
2016-01-31 10:09:27,564 - DEBUG - 22052 - echodronectl : Sending PINGREQ
2016-01-31 10:09:28,570 - DEBUG - 22052 - echodronectl : Received PINGRESP
2016-01-31 10:10:28,742 - DEBUG - 22052 - echodronectl : Sending PINGREQ
2016-01-31 10:10:29,748 - DEBUG - 22052 - echodronectl : Received PINGRESP
2016-01-31 10:11:29,916 - DEBUG - 22052 - echodronectl : Sending PINGREQ
2016-01-31 10:11:30,917 - DEBUG - 22052 - echodronectl : Received PINGRESP
2016-01-31 10:12:31,031 - DEBUG - 22052 - echodronectl : Sending PINGREQ
2016-01-31 10:12:32,036 - DEBUG - 22052 - echodronectl : Received PINGRESP
2016-01-31 10:13:32,209 - DEBUG - 22052 - echodronectl : Sending PINGREQ
2016-01-31 10:13:33,215 - DEBUG - 22052 - echodronectl : Received PINGRESP
2016-01-31 10:14:00,706 - INFO - 22091 - echodronectl : ******************************************
2016-01-31 10:14:00,707 - INFO - 22091 - echodronectl : Starting up...
2016-01-31 10:14:00,707 - INFO - 22091 - echodronectl : setting up mqtt client
2016-01-31 10:14:00,708 - INFO - 22091 - echodronectl : completed setting up mqtt client
2016-01-31 10:14:02,474 - DEBUG - 22091 - echodronectl : Received CONNACK (0, 0)
2016-01-31 10:14:02,474 - INFO - 22091 - echodronectl : connected with result code 0
2016-01-31 10:14:04,478 - DEBUG - 22091 - echodronectl : Received SUBACK
2016-01-31 10:15:04,681 - DEBUG - 22091 - echodronectl : Sending PINGREQ
2016-01-31 10:15:05,682 - DEBUG - 22091 - echodronectl : Received PINGRESP
2016-01-31 10:16:03,508 - DEBUG - 22091 - echodronectl : Received PUBLISH (d0, q0, r0, m0, '$aws/things/PiGroundStation01/shadow/update', ...  (12 bytes)
2016-01-31 10:16:03,508 - INFO - 22091 - echodronectl : msg received, payload = {you:"suck"}
2016-01-31 10:17:36,903 - INFO - 22121 - echodronectl : ******************************************
2016-01-31 10:17:36,904 - INFO - 22121 - echodronectl : Starting up...
2016-01-31 10:17:36,904 - INFO - 22121 - echodronectl : setting up mqtt client
2016-01-31 10:17:36,905 - INFO - 22121 - echodronectl : completed setting up mqtt client
2016-01-31 10:17:38,228 - DEBUG - 22121 - echodronectl : Received CONNACK (0, 0)
2016-01-31 10:17:38,228 - INFO - 22121 - echodronectl : connected with result code 0
2016-01-31 10:17:40,236 - DEBUG - 22121 - echodronectl : Received SUBACK
2016-01-31 10:17:47,296 - DEBUG - 22121 - echodronectl : Received PUBLISH (d0, q0, r0, m0, '$aws/things/PiGroundStation01/shadow/update', ...  (74 bytes)
2016-01-31 10:17:47,297 - INFO - 22121 - echodronectl : msg received, payload = {"name":"CommandIntent","slots":{"Task":{"name":"Task","value":"launch"}}}
2016-01-31 10:17:47,297 - INFO - 22121 - echodronectl : TASK = launch
2016-01-31 11:04:31,811 - INFO - 22303 - echodronectl : ******************************************
2016-01-31 11:04:31,811 - INFO - 22303 - echodronectl : Starting up...
2016-01-31 11:04:31,811 - INFO - 22303 - echodronectl : setting up mqtt client
2016-01-31 11:04:31,812 - INFO - 22303 - echodronectl : completed setting up mqtt client
2016-01-31 11:04:33,695 - DEBUG - 22303 - echodronectl : Received CONNACK (0, 0)
2016-01-31 11:04:33,695 - INFO - 22303 - echodronectl : connected with result code 0
2016-01-31 11:04:35,703 - DEBUG - 22303 - echodronectl : Received SUBACK
2016-01-31 11:05:01,400 - DEBUG - 22303 - echodronectl : Received PUBLISH (d0, q0, r0, m0, '$aws/things/PiGroundStation01/shadow/update', ...  (74 bytes)
2016-01-31 11:05:01,400 - INFO - 22303 - echodronectl : msg received, payload = {"name":"CommandIntent","slots":{"Task":{"name":"Task","value":"launch"}}}
2016-01-31 11:05:01,401 - INFO - 22303 - echodronectl : TASK = launch
